Arguments: 
  /usr/local/bin/node /usr/share/yarn/bin/yarn.js install

PATH: 
  /home/kelvin/.rbenv/plugins/ruby-build/bin:/home/kelvin/.rbenv/shims:/home/kelvin/.rbenv/bin:/home/kelvin/.local/bin:/home/kelvin/.rbenv/plugins/ruby-build/bin:/home/kelvin/.rbenv/shims:/home/kelvin/.rbenv/bin:/home/kelvin/.local/bin:/usr/local/bin:/usr/bin:/bin:/usr/games:/snap/bin

Yarn version: 
  1.16.0

Node version: 
  11.12.0

Platform: 
  linux x64

Trace: 
  SyntaxError: /home/kelvin/dev/projects/clone-instagram/instaLabBack/package.json: Unexpected token / in JSON at position 325
      at JSON.parse (<anonymous>)
      at /usr/share/yarn/lib/cli.js:1625:59
      at Generator.next (<anonymous>)
      at step (/usr/share/yarn/lib/cli.js:304:30)
      at /usr/share/yarn/lib/cli.js:315:13

npm manifest: 
  {
    "name": "back-end",
    "version": "1.0.0",
    "main": "index.js",
    "license": "MIT",
    "scripts": {
      "dev": "nodemon src/index.js",
      "start": "node src/server.js"
    },
    "dependencies": {
      "cors": "^2.8.5",
      "express": "^4.17.1",
      "mongoose": "^5.6.0",
      "multer": "^1.4.1",
      "socket.io": "^2.2.0"
      //"sharp": "^0.5.1"
  
    },
    "devDependencies": {
      "nodemon": "^1.19.1"
    }
  }

yarn manifest: 
  No manifest

Lockfile: 
  No lockfile
